<coverage line-rate="0.66">
  <packages>
    <package line-rate="0.66" name="&lt;root&gt;">
      <classes>
        <class line-rate="1" name="Bob" filename="src/main/scala/My.scala">
          <methods/>
          <lines>
            <line number="10" hits="1"/>
          </lines>
        </class>
        <class line-rate="0" name="HelloWorld" filename="src/main/scala/My.scala">
          <methods/>
          <lines>
            <line number="6" hits="0"/>
          </lines>
        </class>
        <class line-rate="1" name="Rita" filename="src/main/myscala/Rita.scala">
          <methods/>
          <lines>
            <line number="1" hits="1"/>
          </lines>
        </class>
      </classes>
    </package>
  </packages>
</coverage>